Command_line: ./diversity_analyzer.py -i ../Comp_Immuno_HW1/data/plasma.fasta -o ../Comp_Immuno_HW1/results -l IG

Diversity Analyzer parameters:
  Input reads:		../Comp_Immuno_HW1/data/plasma.fasta
  Output directory:	/research/hvw5426/Comp_Immuno/Comp_Immuno_HW1/results

  Domain system:	imgt
  Loci:			IG
  Organism:		human
  Output plots:		True

Log will be written to /research/hvw5426/Comp_Immuno/Comp_Immuno_HW1/results/diversity_analyzer.log

   0:00:00.001    4M /    4M   INFO  General                 (cdr_launch.cpp            :  16)   Diversity Analyzer starts
   0:00:00.010    4M /    4M   INFO  General                 (read_archive.cpp          :  35)   1000 reads were extracted from ../Comp_Immuno_HW1/data/plasma.fasta
   0:00:00.011    4M /    4M   INFO  General                 (germline_db_generator.cpp : 123)   34 germline filenames were extracted from /research/hvw5426/Comp_Immuno/Comp_Immuno_HW1/results/configs/vj_finder/germline_files_config.txt
   0:00:00.011    4M /    4M   INFO  General                 (germline_db_generator.cpp : 176)   3 V gene segment files will be used for DB:
   0:00:00.011    4M /    4M   INFO  General                 (germline_db_generator.cpp : 178)   IGH: /research/hvw5426/Comp_Immuno/immunotools/data/germline/human/IG/IGHV.fa
   0:00:00.011    4M /    4M   INFO  General                 (germline_db_generator.cpp : 178)   IGK: /research/hvw5426/Comp_Immuno/immunotools/data/germline/human/IG/IGKV.fa
   0:00:00.011    4M /    4M   INFO  General                 (germline_db_generator.cpp : 178)   IGL: /research/hvw5426/Comp_Immuno/immunotools/data/germline/human/IG/IGLV.fa
   0:00:00.011    4M /    4M   INFO  General                 (germline_db_generator.cpp : 180)   1 D gene segment files will be used for DB:
   0:00:00.011    4M /    4M   INFO  General                 (germline_db_generator.cpp : 182)   IGH: /research/hvw5426/Comp_Immuno/immunotools/data/germline/human/IG/IGHD.fa
   0:00:00.011    4M /    4M   INFO  General                 (germline_db_generator.cpp : 184)   3 J gene segment files will be used for DB:
   0:00:00.011    4M /    4M   INFO  General                 (germline_db_generator.cpp : 186)   IGH: /research/hvw5426/Comp_Immuno/immunotools/data/germline/human/IG/IGHJ.fa
   0:00:00.011    4M /    4M   INFO  General                 (germline_db_generator.cpp : 186)   IGK: /research/hvw5426/Comp_Immuno/immunotools/data/germline/human/IG/IGKJ.fa
   0:00:00.011    4M /    4M   INFO  General                 (germline_db_generator.cpp : 186)   IGL: /research/hvw5426/Comp_Immuno/immunotools/data/germline/human/IG/IGLJ.fa
   0:00:00.011    4M /    4M   INFO  General                 (cdr_launch.cpp            :  22)   Generation of DB for variable segments...
   0:00:00.061    4M /    4M   INFO  General                 (immune_gene_database.cpp  :  41)   371 records were extracted from /research/hvw5426/Comp_Immuno/immunotools/data/germline/human/IG/IGHV.fa
   0:00:00.065    4M /    4M   INFO  General                 (immune_gene_database.cpp  :  41)   108 records were extracted from /research/hvw5426/Comp_Immuno/immunotools/data/germline/human/IG/IGKV.fa
   0:00:00.068    4M /    4M   INFO  General                 (immune_gene_database.cpp  :  41)   91 records were extracted from /research/hvw5426/Comp_Immuno/immunotools/data/germline/human/IG/IGLV.fa
   0:00:00.068    4M /    4M   INFO  General                 (cdr_launch.cpp            :  24)   Generation of DB for join segments...
   0:00:00.069    4M /    4M   INFO  General                 (immune_gene_database.cpp  :  41)   13 records were extracted from /research/hvw5426/Comp_Immuno/immunotools/data/germline/human/IG/IGHJ.fa
   0:00:00.069    4M /    4M   INFO  General                 (immune_gene_database.cpp  :  41)   9 records were extracted from /research/hvw5426/Comp_Immuno/immunotools/data/germline/human/IG/IGKJ.fa
   0:00:00.070    4M /    4M   INFO  General                 (immune_gene_database.cpp  :  41)   10 records were extracted from /research/hvw5426/Comp_Immuno/immunotools/data/germline/human/IG/IGLJ.fa
   0:00:00.070    4M /    4M   INFO  General                 (cdr_launch.cpp            :  26)   CDR labeling for V gene segments
   0:00:00.070    4M /    4M   INFO  General                 (germline_db_labeler.cpp   :  23)   Algorithm of CDR computation: annotated
   0:00:00.070    4M /    4M   INFO  General                 (annotated_gene_labeler.cpp:  15)   Reading V annotation from /research/hvw5426/Comp_Immuno/immunotools/data/annotation/human_v_imgt.txt
   0:00:00.094    4M /    4M   INFO  General                 (annotated_gene_labeler.cpp:  15)   Reading V annotation from /research/hvw5426/Comp_Immuno/immunotools/data/annotation/human_v_imgt.txt
   0:00:00.101    4M /    4M   INFO  General                 (annotated_gene_labeler.cpp:  15)   Reading V annotation from /research/hvw5426/Comp_Immuno/immunotools/data/annotation/human_v_imgt.txt
   0:00:00.107    4M /    4M   INFO  General                 (germline_db_labeler.cpp   :  33)   # records from DB with empty CDR labelings: 156
   0:00:00.107    4M /    4M   INFO  General                 (cdr_launch.cpp            :  28)   CDR labeling for J gene segments
   0:00:00.108    4M /    4M   INFO  General                 (germline_db_labeler.cpp   :  23)   Algorithm of CDR computation: annotated
   0:00:00.108    4M /    4M   INFO  General                 (annotated_gene_labeler.cpp:  53)   Reading J annotation from /research/hvw5426/Comp_Immuno/immunotools/data/annotation/human_j_imgt.txt
   0:00:00.108    4M /    4M   INFO  General                 (annotated_gene_labeler.cpp:  53)   Reading J annotation from /research/hvw5426/Comp_Immuno/immunotools/data/annotation/human_j_imgt.txt
   0:00:00.109    4M /    4M   INFO  General                 (annotated_gene_labeler.cpp:  53)   Reading J annotation from /research/hvw5426/Comp_Immuno/immunotools/data/annotation/human_j_imgt.txt
   0:00:00.110    4M /    4M   INFO  General                 (germline_db_labeler.cpp   :  33)   # records from DB with empty CDR labelings: 0
   0:00:00.110    4M /    4M   INFO  General                 (cdr_launch.cpp            :  30)   Creation of labeled V and J databases
   0:00:00.112    4M /    4M   INFO  General                 (cdr_launch.cpp            :  32)   Labeled DB of V segments consists of 414 records
   0:00:00.112    4M /    4M   INFO  General                 (cdr_launch.cpp            :  34)   Labeled DB of J segments consists of 32 records
   0:00:00.112    4M /    4M   INFO  General                 (cdr_launch.cpp            :  35)   Alignment against VJ germline segments
   0:00:01.047   68M /  128M   INFO  General                 (vj_parallel_processor.cpp :  50)   100% of aligned reads have isotype IGH
   0:00:01.047   68M /  128M   INFO  General                 (cdr_launch.cpp            :  40)   1000 reads were aligned; 0 reads were filtered out
   0:00:01.107   76M /  128M   INFO  General                 (read_labeler.cpp          :  87)   1000 annotated sequences were created
   0:00:01.107   76M /  128M   INFO  General                 (cdr_launch.cpp            :  44)   CDR sequences and SHMs were computed
   0:00:01.111   76M /  128M   INFO  General                 (cdr_output.cpp            : 151)   Cleaned reads were written to /research/hvw5426/Comp_Immuno/Comp_Immuno_HW1/results/cleaned_sequences.fasta
   0:00:01.117   76M /  128M   INFO  General                 (cdr_output.cpp            :  40)   CDR details were written to /research/hvw5426/Comp_Immuno/Comp_Immuno_HW1/results/cdr_details.txt
   0:00:01.118   76M /  128M   INFO  General                 (cdr_output.cpp            :  55)   CDR1 sequences were written to /research/hvw5426/Comp_Immuno/Comp_Immuno_HW1/results/cdr1s.fasta
   0:00:01.119   76M /  128M   INFO  General                 (cdr_output.cpp            :  55)   CDR2 sequences were written to /research/hvw5426/Comp_Immuno/Comp_Immuno_HW1/results/cdr2s.fasta
   0:00:01.120   76M /  128M   INFO  General                 (cdr_output.cpp            :  55)   CDR3 sequences were written to /research/hvw5426/Comp_Immuno/Comp_Immuno_HW1/results/cdr3s.fasta
   0:00:01.122   76M /  128M   INFO  General                 (compressed_cdr_set.cpp    :  25)   266 unique CDR3 sequences were created, max abundance: 226
   0:00:01.122   76M /  128M   INFO  General                 (cdr_output.cpp            :  89)   Compressed CDR3 were written to /research/hvw5426/Comp_Immuno/Comp_Immuno_HW1/results/compressed_cdr3s.fasta
   0:00:01.134   76M /  128M   INFO  General                 (cdr_output.cpp            : 112)   V alignments were written to /research/hvw5426/Comp_Immuno/Comp_Immuno_HW1/results/v_alignment.fasta
   0:00:01.179   76M /  128M   INFO  General                 (cdr_output.cpp            : 140)   SHM getails were written to /research/hvw5426/Comp_Immuno/Comp_Immuno_HW1/results/shm_details.txt
   0:00:01.179   76M /  128M   INFO  General                 (cdr_output.cpp            : 162)   Information about filtered reads was written to /research/hvw5426/Comp_Immuno/Comp_Immuno_HW1/results/filtering_info.txt
   0:00:01.179   76M /  128M   INFO  General                 (cdr_launch.cpp            :  55)   Diversity analysis of CDRs
   0:00:01.180   76M /  128M   INFO  General                 (compressed_cdr_set.cpp    :  25)   206 unique CDR1 sequences were created, max abundance: 246
   0:00:01.181   76M /  128M   INFO  General                 (compressed_cdr_set.cpp    :  25)   225 unique CDR2 sequences were created, max abundance: 247
   0:00:01.183   76M /  128M   INFO  General                 (compressed_cdr_set.cpp    :  25)   266 unique CDR3 sequences were created, max abundance: 226
   0:00:01.207   76M /  128M   INFO  General                 (diversity_analyser.cpp    :  35)   71 connected components of CDR3 Hamming graph were created
   0:00:01.207   76M /  128M   INFO  General                 (diversity_analyser.cpp    :  36)   Size of max connected component: 372
   0:00:01.208   76M /  128M   INFO  General                 (cdr_launch.cpp            :  59)   Shannon index. CDR1: 3.80636, CDR2: 4.17328, CDR3: 4.35993
   0:00:01.209   76M /  128M   INFO  General                 (cdr_launch.cpp            :  62)   Simpson index. CDR1: 0.086968, CDR2: 0.068658, CDR3: 0.05932
   0:00:01.209   76M /  128M   INFO  General                 (cdr_launch.cpp            :  65)   Clonal Shannon index: 2.41956
   0:00:01.209   76M /  128M   INFO  General                 (cdr_launch.cpp            :  66)   Clonal Simpson index: 0.211928
   0:00:01.209   76M /  128M   INFO  General                 (cdr_launch.cpp            :  67)   Diversity Analyzer ends

==== Visualization of diversity statistics ====

== Output VJ statistics ==
VJ heatmap for the most abundant VJ combinations was written to /research/hvw5426/Comp_Immuno/Comp_Immuno_HW1/results/visualizer/plots/gene_usage_plots/vj_heatmap.pdf, .png and .svg
Usage of V genes was written to /research/hvw5426/Comp_Immuno/Comp_Immuno_HW1/results/visualizer/plots/gene_usage_plots/v_usage.pdf, .png and .svg
Usage of V genes was written to /research/hvw5426/Comp_Immuno/Comp_Immuno_HW1/results/visualizer/plots/gene_usage_plots/v_usage.txt
Usage of J genes was written to /research/hvw5426/Comp_Immuno/Comp_Immuno_HW1/results/visualizer/plots/gene_usage_plots/j_usage.pdf, .png and .svg
Usage of J genes was written to /research/hvw5426/Comp_Immuno/Comp_Immuno_HW1/results/visualizer/plots/gene_usage_plots/j_usage.txt

== Output CDR / FR statistics ==
Visualization of CDR statistics for IGH locus
IGH CDR1 length distribution was written to /research/hvw5426/Comp_Immuno/Comp_Immuno_HW1/results/visualizer/plots/cdr_plots/IGH_CDR1_length.pdf, .png and .svg
IGH CDR1 nucleotide distribution was written to /research/hvw5426/Comp_Immuno/Comp_Immuno_HW1/results/visualizer/plots/cdr_plots/IGH_CDR1_nucls.pdf, .png and .svg
IGH CDR1 aa variability was written to /research/hvw5426/Comp_Immuno/Comp_Immuno_HW1/results/visualizer/plots/cdr_plots/IGH_CDR1_aa.pdf, .png and .svg
IGH CDR2 length distribution was written to /research/hvw5426/Comp_Immuno/Comp_Immuno_HW1/results/visualizer/plots/cdr_plots/IGH_CDR2_length.pdf, .png and .svg
IGH CDR2 nucleotide distribution was written to /research/hvw5426/Comp_Immuno/Comp_Immuno_HW1/results/visualizer/plots/cdr_plots/IGH_CDR2_nucls.pdf, .png and .svg
IGH CDR2 aa variability was written to /research/hvw5426/Comp_Immuno/Comp_Immuno_HW1/results/visualizer/plots/cdr_plots/IGH_CDR2_aa.pdf, .png and .svg
IGH CDR3 length distribution was written to /research/hvw5426/Comp_Immuno/Comp_Immuno_HW1/results/visualizer/plots/cdr_plots/IGH_CDR3_length.pdf, .png and .svg
IGH CDR3 nucleotide distribution was written to /research/hvw5426/Comp_Immuno/Comp_Immuno_HW1/results/visualizer/plots/cdr_plots/IGH_CDR3_nucls.pdf, .png and .svg
IGH CDR3 aa variability was written to /research/hvw5426/Comp_Immuno/Comp_Immuno_HW1/results/visualizer/plots/cdr_plots/IGH_CDR3_aa.pdf, .png and .svg
Output contains very low number (0) of IGK records. Drawing plots was skipped
Output contains very low number (0) of IGL records. Drawing plots was skipped

== Output SHM statistics ==
2000 records were extracted from /research/hvw5426/Comp_Immuno/Comp_Immuno_HW1/results/shm_details.txt
Distribution of # SHMs in IGHV segments was written to /research/hvw5426/Comp_Immuno/Comp_Immuno_HW1/results/visualizer/plots/shm_plots/mutations_distribution_IGHV.pdf, .png and .svg
# sequences for IGK is too small (0). Plot drawing was skipped
# sequences for IGL is too small (0). Plot drawing was skipped
SHM position in IGHV3-7 was written to /research/hvw5426/Comp_Immuno/Comp_Immuno_HW1/results/visualizer/plots/shm_plots/V_shms/IGHV3-7.pdf, .png and .svg
SHM position in IGHV2-26 was written to /research/hvw5426/Comp_Immuno/Comp_Immuno_HW1/results/visualizer/plots/shm_plots/V_shms/IGHV2-26.pdf, .png and .svg
SHM position in IGHV3-21 was written to /research/hvw5426/Comp_Immuno/Comp_Immuno_HW1/results/visualizer/plots/shm_plots/V_shms/IGHV3-21.pdf, .png and .svg
SHM position in IGHV1-2 was written to /research/hvw5426/Comp_Immuno/Comp_Immuno_HW1/results/visualizer/plots/shm_plots/V_shms/IGHV1-2.pdf, .png and .svg
SHM position in IGHV5-10-1 was written to /research/hvw5426/Comp_Immuno/Comp_Immuno_HW1/results/visualizer/plots/shm_plots/V_shms/IGHV5-10-1.pdf, .png and .svg
SHM position in IGHV3-30 was written to /research/hvw5426/Comp_Immuno/Comp_Immuno_HW1/results/visualizer/plots/shm_plots/V_shms/IGHV3-30.pdf, .png and .svg
SHM position in IGHV4-59 was written to /research/hvw5426/Comp_Immuno/Comp_Immuno_HW1/results/visualizer/plots/shm_plots/V_shms/IGHV4-59.pdf, .png and .svg
SHM position in IGHV1-69 was written to /research/hvw5426/Comp_Immuno/Comp_Immuno_HW1/results/visualizer/plots/shm_plots/V_shms/IGHV1-69.pdf, .png and .svg
SHM position in IGHJ5 was written to /research/hvw5426/Comp_Immuno/Comp_Immuno_HW1/results/visualizer/plots/shm_plots/J_shms/IGHJ5.pdf, .png and .svg
SHM position in IGHJ4 was written to /research/hvw5426/Comp_Immuno/Comp_Immuno_HW1/results/visualizer/plots/shm_plots/J_shms/IGHJ4.pdf, .png and .svg
SHM position in IGHJ6 was written to /research/hvw5426/Comp_Immuno/Comp_Immuno_HW1/results/visualizer/plots/shm_plots/J_shms/IGHJ6.pdf, .png and .svg
SHM position in IGHJ3 was written to /research/hvw5426/Comp_Immuno/Comp_Immuno_HW1/results/visualizer/plots/shm_plots/J_shms/IGHJ3.pdf, .png and .svg
Mutability of V genes was written to /research/hvw5426/Comp_Immuno/Comp_Immuno_HW1/results/visualizer/plots/shm_plots/v_mutability.pdf, .png and .svg
Mutability of J genes was written to /research/hvw5426/Comp_Immuno/Comp_Immuno_HW1/results/visualizer/plots/shm_plots/j_mutability.pdf, .png and .svg
Amino acid substitution heatmap was written to /research/hvw5426/Comp_Immuno/Comp_Immuno_HW1/results/visualizer/plots/shm_plots/aa_substitutions.pdf, .png and .svg
Nucleotide substitution heatmap was written to /research/hvw5426/Comp_Immuno/Comp_Immuno_HW1/results/visualizer/plots/shm_plots/nucl_substitutions.pdf, .png and .svg
Distribution of insertion/deletion SHM lengths was written to /research/hvw5426/Comp_Immuno/Comp_Immuno_HW1/results/visualizer/plots/shm_plots/indel_shms_length.pdf, .png and .svg
Fractions of synonymous SHMs in V and J genes was written to /research/hvw5426/Comp_Immuno/Comp_Immuno_HW1/results/visualizer/plots/shm_plots/synonymous_shm_fractions.pdf, .png and .svg

==== Annotation report creation ====
Annotation report will be written to /research/hvw5426/Comp_Immuno/Comp_Immuno_HW1/results/visualizer/annotation_report.html
Printing general characteristics of the repertoire
Printing SHM characteristics
SHMs in individual V genes were collected in /research/hvw5426/Comp_Immuno/Comp_Immuno_HW1/results/visualizer/shms_per_v_gene.html
SHMs in individual J genes were collected in /research/hvw5426/Comp_Immuno/Comp_Immuno_HW1/results/visualizer/shms_per_j_gene.html
Printing CDR characteristics
Annotation report was written to /research/hvw5426/Comp_Immuno/Comp_Immuno_HW1/results/visualizer/annotation_report.html

Thank you for using Diversity Analyzer!

Log was written to /research/hvw5426/Comp_Immuno/Comp_Immuno_HW1/results/diversity_analyzer.log
